<?xml version="1.0" encoding="UTF-8"?>
<!-- Generated by org.testng.reporters.JUnitReportReporter -->
<testsuite hostname="DESKTOP-2KCSDN3" failures="0" tests="4" name="Day1.HTTPRequests" time="8.915" errors="0" timestamp="2023-05-26T16:11:16 BDT" skipped="0">
  <testcase classname="Day1.HTTPRequests" name="getusers" time="6.054"/>
  <system-out/>
  <testcase classname="Day1.HTTPRequests" name="createuser" time="1.620"/>
  <system-out/>
  <testcase classname="Day1.HTTPRequests" name="updateUser" time="0.630"/>
  <system-out/>
  <testcase classname="Day1.HTTPRequests" name="deleteUser" time="0.611"/>
  <system-out/>
</testsuite> <!-- Day1.HTTPRequests -->
